<?xml version="1.0" encoding="UTF-8"?>
<testsuite xmlns:xsi="http://www.w3.org/2001/XMLSchema-instance" xsi:noNamespaceSchemaLocation="https://maven.apache.org/surefire/maven-surefire-plugin/xsd/surefire-test-report-3.0.xsd" version="3.0" name="com.br.compassuol.gateway.MsGatewayApplicationTests" time="2.495" tests="1" errors="0" skipped="0" failures="0">
  <properties>
[...]
</properties>
  <testcase name="contextLoads" classname="com.br.compassuol.gateway.MsGatewayApplicationTests" time="0.329">
    <system-out><![CDATA[15:54:50.715 [main] INFO org.springframework.test.context.support.AnnotationConfigContextLoaderUtils -- Could not detect default configuration classes for test class [com.br.compassuol.gateway.MsGatewayApplicationTests]: MsGatewayApplicationTests does not declare any static, non-private, non-final, nested classes annotated with @Configuration.
15:54:50.787 [main] INFO org.springframework.boot.test.context.SpringBootTestContextBootstrapper -- Found @SpringBootConfiguration com.br.compassuol.gateway.MsGatewayApplication for test class com.br.compassuol.gateway.MsGatewayApplicationTests

  .   ____          _            __ _ _
 /\\ / ___'_ __ _ _(_)_ __  __ _ \ \ \ \
( ( )\___ | '_ | '_| | '_ \/ _` | \ \ \ \
 \\/  ___)| |_)| | | | | || (_| |  ) ) ) )
  '  |____| .__|_| |_|_| |_\__, | / / / /
 =========|_|==============|___/=/_/_/_/
 :: Spring Boot ::                (v3.1.2)

2023-07-27T15:54:51.206-03:00  INFO 37870 --- [           main] c.b.c.gateway.MsGatewayApplicationTests  : Starting MsGatewayApplicationTests using Java 19.0.2 with PID 37870 (started by jonathan in /home/jonathan/programacao/compass-desafio-3/ms-gateway)
2023-07-27T15:54:51.208-03:00  INFO 37870 --- [           main] c.b.c.gateway.MsGatewayApplicationTests  : No active profile set, falling back to 1 default profile: "default"
2023-07-27T15:54:51.881-03:00  INFO 37870 --- [           main] o.s.cloud.context.scope.GenericScope     : BeanFactory id=0521553c-86b0-3bf2-b632-d03a9f183473
2023-07-27T15:54:52.481-03:00  INFO 37870 --- [           main] o.s.c.g.r.RouteDefinitionRouteLocator    : Loaded RoutePredicateFactory [After]
2023-07-27T15:54:52.481-03:00  INFO 37870 --- [           main] o.s.c.g.r.RouteDefinitionRouteLocator    : Loaded RoutePredicateFactory [Before]
2023-07-27T15:54:52.481-03:00  INFO 37870 --- [           main] o.s.c.g.r.RouteDefinitionRouteLocator    : Loaded RoutePredicateFactory [Between]
2023-07-27T15:54:52.482-03:00  INFO 37870 --- [           main] o.s.c.g.r.RouteDefinitionRouteLocator    : Loaded RoutePredicateFactory [Cookie]
2023-07-27T15:54:52.482-03:00  INFO 37870 --- [           main] o.s.c.g.r.RouteDefinitionRouteLocator    : Loaded RoutePredicateFactory [Header]
2023-07-27T15:54:52.482-03:00  INFO 37870 --- [           main] o.s.c.g.r.RouteDefinitionRouteLocator    : Loaded RoutePredicateFactory [Host]
2023-07-27T15:54:52.482-03:00  INFO 37870 --- [           main] o.s.c.g.r.RouteDefinitionRouteLocator    : Loaded RoutePredicateFactory [Method]
2023-07-27T15:54:52.482-03:00  INFO 37870 --- [           main] o.s.c.g.r.RouteDefinitionRouteLocator    : Loaded RoutePredicateFactory [Path]
2023-07-27T15:54:52.482-03:00  INFO 37870 --- [           main] o.s.c.g.r.RouteDefinitionRouteLocator    : Loaded RoutePredicateFactory [Query]
2023-07-27T15:54:52.482-03:00  INFO 37870 --- [           main] o.s.c.g.r.RouteDefinitionRouteLocator    : Loaded RoutePredicateFactory [ReadBody]
2023-07-27T15:54:52.482-03:00  INFO 37870 --- [           main] o.s.c.g.r.RouteDefinitionRouteLocator    : Loaded RoutePredicateFactory [RemoteAddr]
2023-07-27T15:54:52.482-03:00  INFO 37870 --- [           main] o.s.c.g.r.RouteDefinitionRouteLocator    : Loaded RoutePredicateFactory [XForwardedRemoteAddr]
2023-07-27T15:54:52.482-03:00  INFO 37870 --- [           main] o.s.c.g.r.RouteDefinitionRouteLocator    : Loaded RoutePredicateFactory [Weight]
2023-07-27T15:54:52.482-03:00  INFO 37870 --- [           main] o.s.c.g.r.RouteDefinitionRouteLocator    : Loaded RoutePredicateFactory [CloudFoundryRouteService]
2023-07-27T15:54:52.816-03:00  INFO 37870 --- [           main] c.b.c.gateway.MsGatewayApplicationTests  : Started MsGatewayApplicationTests in 1.941 seconds (process running for 2.993)
]]></system-out>
  </testcase>
</testsuite>