<?xml version="1.0" encoding="UTF-8"?>
<testsuite xmlns:xsi="http://www.w3.org/2001/XMLSchema-instance" xsi:noNamespaceSchemaLocation="https://maven.apache.org/surefire/maven-surefire-plugin/xsd/surefire-test-report-3.0.xsd" version="3.0" name="com.br.compassuol.gateway.utils.JwtUtilsTest" time="0.428" tests="3" errors="0" skipped="0" failures="0">
  <properties>
[...]
</properties>
  <testcase name="getTokenFromServerWebExchange_ReceivesNoToken_ThrowsException" classname="com.br.compassuol.gateway.utils.JwtUtilsTest" time="0.396"/>
  <testcase name="tokenIsValid_ReceivesInvalidToken_ThrowsException" classname="com.br.compassuol.gateway.utils.JwtUtilsTest" time="0.006"/>
  <testcase name="getTokenFromServerWebExchange_ReceivesValidToken_ReturnsToken" classname="com.br.compassuol.gateway.utils.JwtUtilsTest" time="0.004"/>
</testsuite>